[1.044s] Invoking command in '/home/vicky/ws_mobile3/src/mobile_robot': DEBUGINFOD_URLS=https://debuginfod.ubuntu.com PYTHONPATH=/home/vicky/ws_mobile3/build/mobile_robot/prefix_override:/usr/lib/python3/dist-packages/colcon_core/task/python/colcon_distutils_commands:/home/vicky/ws_mobile3/install/mobile_robot/lib/python3.12/site-packages:${PYTHONPATH} /usr/bin/python3 -W ignore:setup.py install is deprecated -W ignore:easy_install command is deprecated setup.py egg_info --egg-base ../../build/mobile_robot build --build-base /home/vicky/ws_mobile3/build/mobile_robot/build install --record /home/vicky/ws_mobile3/build/mobile_robot/install.log --single-version-externally-managed install_data
[1.338s] running egg_info
[1.359s] writing ../../build/mobile_robot/mobile_robot.egg-info/PKG-INFO
[1.359s] writing dependency_links to ../../build/mobile_robot/mobile_robot.egg-info/dependency_links.txt
[1.359s] writing entry points to ../../build/mobile_robot/mobile_robot.egg-info/entry_points.txt
[1.359s] writing requirements to ../../build/mobile_robot/mobile_robot.egg-info/requires.txt
[1.359s] writing top-level names to ../../build/mobile_robot/mobile_robot.egg-info/top_level.txt
[1.401s] reading manifest file '../../build/mobile_robot/mobile_robot.egg-info/SOURCES.txt'
[1.402s] writing manifest file '../../build/mobile_robot/mobile_robot.egg-info/SOURCES.txt'
[1.402s] running build
[1.402s] running build_py
[1.402s] copying mobile_robot/controller.py -> /home/vicky/ws_mobile3/build/mobile_robot/build/lib/mobile_robot
[1.402s] copying mobile_robot/controller_final.py -> /home/vicky/ws_mobile3/build/mobile_robot/build/lib/mobile_robot
[1.402s] running install
[1.409s] running install_lib
[1.430s] copying /home/vicky/ws_mobile3/build/mobile_robot/build/lib/mobile_robot/controller.py -> /home/vicky/ws_mobile3/install/mobile_robot/lib/python3.12/site-packages/mobile_robot
[1.430s] copying /home/vicky/ws_mobile3/build/mobile_robot/build/lib/mobile_robot/controller_final.py -> /home/vicky/ws_mobile3/install/mobile_robot/lib/python3.12/site-packages/mobile_robot
[1.431s] byte-compiling /home/vicky/ws_mobile3/install/mobile_robot/lib/python3.12/site-packages/mobile_robot/controller.py to controller.cpython-312.pyc
[1.431s] byte-compiling /home/vicky/ws_mobile3/install/mobile_robot/lib/python3.12/site-packages/mobile_robot/controller_final.py to controller_final.cpython-312.pyc
[1.433s] running install_data
[1.433s] copying package.xml -> /home/vicky/ws_mobile3/install/mobile_robot/share/mobile_robot
[1.433s] copying model/robot.gazebo -> /home/vicky/ws_mobile3/install/mobile_robot/share/mobile_robot/model
[1.434s] copying parameters/bridge_parameters.yaml -> /home/vicky/ws_mobile3/install/mobile_robot/share/mobile_robot/parameters
[1.434s] running install_egg_info
[1.456s] removing '/home/vicky/ws_mobile3/install/mobile_robot/lib/python3.12/site-packages/mobile_robot-0.0.0-py3.12.egg-info' (and everything under it)
[1.456s] Copying ../../build/mobile_robot/mobile_robot.egg-info to /home/vicky/ws_mobile3/install/mobile_robot/lib/python3.12/site-packages/mobile_robot-0.0.0-py3.12.egg-info
[1.457s] running install_scripts
[1.596s] Installing controller_final script to /home/vicky/ws_mobile3/install/mobile_robot/lib/mobile_robot
[1.596s] writing list of installed files to '/home/vicky/ws_mobile3/build/mobile_robot/install.log'
[1.637s] Invoked command in '/home/vicky/ws_mobile3/src/mobile_robot' returned '0': DEBUGINFOD_URLS=https://debuginfod.ubuntu.com PYTHONPATH=/home/vicky/ws_mobile3/build/mobile_robot/prefix_override:/usr/lib/python3/dist-packages/colcon_core/task/python/colcon_distutils_commands:/home/vicky/ws_mobile3/install/mobile_robot/lib/python3.12/site-packages:${PYTHONPATH} /usr/bin/python3 -W ignore:setup.py install is deprecated -W ignore:easy_install command is deprecated setup.py egg_info --egg-base ../../build/mobile_robot build --build-base /home/vicky/ws_mobile3/build/mobile_robot/build install --record /home/vicky/ws_mobile3/build/mobile_robot/install.log --single-version-externally-managed install_data
