[0.707s] Invoking command in '/home/vicky/ws_mobile3/build/mobile_robot': DEBUGINFOD_URLS=https://debuginfod.ubuntu.com PYTHONPATH=/home/vicky/ws_mobile3/build/mobile_robot/prefix_override:/usr/lib/python3/dist-packages/colcon_core/task/python/colcon_distutils_commands:/home/vicky/ws_mobile3/install/mobile_robot/lib/python3.12/site-packages: /usr/bin/python3 -W ignore:setup.py install is deprecated -W ignore:easy_install command is deprecated setup.py develop --editable --build-directory /home/vicky/ws_mobile3/build/mobile_robot/build --no-deps symlink_data --force
[0.986s] running develop
[1.142s] running egg_info
[1.154s] writing mobile_robot.egg-info/PKG-INFO
[1.154s] writing dependency_links to mobile_robot.egg-info/dependency_links.txt
[1.154s] writing entry points to mobile_robot.egg-info/entry_points.txt
[1.154s] writing requirements to mobile_robot.egg-info/requires.txt
[1.154s] writing top-level names to mobile_robot.egg-info/top_level.txt
[1.183s] reading manifest file 'mobile_robot.egg-info/SOURCES.txt'
[1.184s] writing manifest file 'mobile_robot.egg-info/SOURCES.txt'
[1.198s] running build_ext
[1.198s] Creating /home/vicky/ws_mobile3/install/mobile_robot/lib/python3.12/site-packages/mobile-robot.egg-link (link to .)
[1.199s] Installing controller_final script to /home/vicky/ws_mobile3/install/mobile_robot/lib/mobile_robot
[1.199s] 
[1.199s] Installed /home/vicky/ws_mobile3/build/mobile_robot
[1.199s] running symlink_data
[1.199s] symbolically linking /home/vicky/ws_mobile3/build/mobile_robot/resource/mobile_robot -> /home/vicky/ws_mobile3/install/mobile_robot/share/ament_index/resource_index/packages
[1.200s] symbolically linking /home/vicky/ws_mobile3/build/mobile_robot/package.xml -> /home/vicky/ws_mobile3/install/mobile_robot/share/mobile_robot
[1.200s] symbolically linking /home/vicky/ws_mobile3/build/mobile_robot/launch/gazebo_model.launch.py -> /home/vicky/ws_mobile3/install/mobile_robot/share/mobile_robot/launch
[1.200s] symbolically linking /home/vicky/ws_mobile3/build/mobile_robot/model/robot.gazebo -> /home/vicky/ws_mobile3/install/mobile_robot/share/mobile_robot/model
[1.200s] symbolically linking /home/vicky/ws_mobile3/build/mobile_robot/model/robot.xacro -> /home/vicky/ws_mobile3/install/mobile_robot/share/mobile_robot/model
[1.200s] symbolically linking /home/vicky/ws_mobile3/build/mobile_robot/parameters/bridge_parameters.yaml -> /home/vicky/ws_mobile3/install/mobile_robot/share/mobile_robot/parameters
[1.236s] Invoked command in '/home/vicky/ws_mobile3/build/mobile_robot' returned '0': DEBUGINFOD_URLS=https://debuginfod.ubuntu.com PYTHONPATH=/home/vicky/ws_mobile3/build/mobile_robot/prefix_override:/usr/lib/python3/dist-packages/colcon_core/task/python/colcon_distutils_commands:/home/vicky/ws_mobile3/install/mobile_robot/lib/python3.12/site-packages: /usr/bin/python3 -W ignore:setup.py install is deprecated -W ignore:easy_install command is deprecated setup.py develop --editable --build-directory /home/vicky/ws_mobile3/build/mobile_robot/build --no-deps symlink_data --force
