/home/vicky/ws_mobile4/install/mobile_robot/lib/python3.12/site-packages/mobile_robot/controller.py
/home/vicky/ws_mobile4/install/mobile_robot/lib/python3.12/site-packages/mobile_robot/controller_final.py
/home/vicky/ws_mobile4/install/mobile_robot/lib/python3.12/site-packages/mobile_robot/__init__.py
/home/vicky/ws_mobile4/install/mobile_robot/lib/python3.12/site-packages/mobile_robot/__pycache__/controller.cpython-312.pyc
/home/vicky/ws_mobile4/install/mobile_robot/lib/python3.12/site-packages/mobile_robot/__pycache__/controller_final.cpython-312.pyc
/home/vicky/ws_mobile4/install/mobile_robot/lib/python3.12/site-packages/mobile_robot/__pycache__/__init__.cpython-312.pyc
/home/vicky/ws_mobile4/install/mobile_robot/share/ament_index/resource_index/packages/mobile_robot
/home/vicky/ws_mobile4/install/mobile_robot/share/mobile_robot/package.xml
/home/vicky/ws_mobile4/install/mobile_robot/share/mobile_robot/worlds/house.world
/home/vicky/ws_mobile4/install/mobile_robot/share/mobile_robot/launch/gazebo_model.launch.py
/home/vicky/ws_mobile4/install/mobile_robot/share/mobile_robot/model/robot.gazebo
/home/vicky/ws_mobile4/install/mobile_robot/share/mobile_robot/model/robot.xacro
/home/vicky/ws_mobile4/install/mobile_robot/share/mobile_robot/parameters/bridge_parameters.yaml
/home/vicky/ws_mobile4/install/mobile_robot/lib/python3.12/site-packages/mobile_robot-0.0.0-py3.12.egg-info/dependency_links.txt
/home/vicky/ws_mobile4/install/mobile_robot/lib/python3.12/site-packages/mobile_robot-0.0.0-py3.12.egg-info/top_level.txt
/home/vicky/ws_mobile4/install/mobile_robot/lib/python3.12/site-packages/mobile_robot-0.0.0-py3.12.egg-info/PKG-INFO
/home/vicky/ws_mobile4/install/mobile_robot/lib/python3.12/site-packages/mobile_robot-0.0.0-py3.12.egg-info/entry_points.txt
/home/vicky/ws_mobile4/install/mobile_robot/lib/python3.12/site-packages/mobile_robot-0.0.0-py3.12.egg-info/requires.txt
/home/vicky/ws_mobile4/install/mobile_robot/lib/python3.12/site-packages/mobile_robot-0.0.0-py3.12.egg-info/SOURCES.txt
/home/vicky/ws_mobile4/install/mobile_robot/lib/python3.12/site-packages/mobile_robot-0.0.0-py3.12.egg-info/zip-safe
/home/vicky/ws_mobile4/install/mobile_robot/lib/mobile_robot/controller_final
