running egg_info
creating ../../build/mobile_robot/mobile_robot.egg-info
writing ../../build/mobile_robot/mobile_robot.egg-info/PKG-INFO
writing dependency_links to ../../build/mobile_robot/mobile_robot.egg-info/dependency_links.txt
writing requirements to ../../build/mobile_robot/mobile_robot.egg-info/requires.txt
writing top-level names to ../../build/mobile_robot/mobile_robot.egg-info/top_level.txt
writing manifest file '../../build/mobile_robot/mobile_robot.egg-info/SOURCES.txt'
reading manifest file '../../build/mobile_robot/mobile_robot.egg-info/SOURCES.txt'
writing manifest file '../../build/mobile_robot/mobile_robot.egg-info/SOURCES.txt'
running build
running build_py
creating /home/vicky/ws_mobile2/build/mobile_robot/build
creating /home/vicky/ws_mobile2/build/mobile_robot/build/lib
creating /home/vicky/ws_mobile2/build/mobile_robot/build/lib/mobile_robot
copying mobile_robot/__init__.py -> /home/vicky/ws_mobile2/build/mobile_robot/build/lib/mobile_robot
running install
running install_lib
creating /home/vicky/ws_mobile2/install/mobile_robot/lib/python3.12/site-packages/mobile_robot
copying /home/vicky/ws_mobile2/build/mobile_robot/build/lib/mobile_robot/__init__.py -> /home/vicky/ws_mobile2/install/mobile_robot/lib/python3.12/site-packages/mobile_robot
byte-compiling /home/vicky/ws_mobile2/install/mobile_robot/lib/python3.12/site-packages/mobile_robot/__init__.py to __init__.cpython-312.pyc
running install_data
creating /home/vicky/ws_mobile2/install/mobile_robot/share/ament_index
creating /home/vicky/ws_mobile2/install/mobile_robot/share/ament_index/resource_index
creating /home/vicky/ws_mobile2/install/mobile_robot/share/ament_index/resource_index/packages
copying resource/mobile_robot -> /home/vicky/ws_mobile2/install/mobile_robot/share/ament_index/resource_index/packages
copying package.xml -> /home/vicky/ws_mobile2/install/mobile_robot/share/mobile_robot
creating /home/vicky/ws_mobile2/install/mobile_robot/share/mobile_robot/launch
copying launch/gazebo_model.launch.py -> /home/vicky/ws_mobile2/install/mobile_robot/share/mobile_robot/launch
creating /home/vicky/ws_mobile2/install/mobile_robot/share/mobile_robot/model
copying model/robot.gazebo -> /home/vicky/ws_mobile2/install/mobile_robot/share/mobile_robot/model
copying model/robot.xacro -> /home/vicky/ws_mobile2/install/mobile_robot/share/mobile_robot/model
creating /home/vicky/ws_mobile2/install/mobile_robot/share/mobile_robot/parameters
copying parameters/bridge_parameters.yaml -> /home/vicky/ws_mobile2/install/mobile_robot/share/mobile_robot/parameters
running install_egg_info
Copying ../../build/mobile_robot/mobile_robot.egg-info to /home/vicky/ws_mobile2/install/mobile_robot/lib/python3.12/site-packages/mobile_robot-0.0.0-py3.12.egg-info
running install_scripts
writing list of installed files to '/home/vicky/ws_mobile2/build/mobile_robot/install.log'
