running develop
Removing /home/vicky/ws_mobile4/install/mobile_robot/lib/python3.12/site-packages/mobile-robot.egg-link (link to .)
running egg_info
writing ../../build/mobile_robot/mobile_robot.egg-info/PKG-INFO
writing dependency_links to ../../build/mobile_robot/mobile_robot.egg-info/dependency_links.txt
writing entry points to ../../build/mobile_robot/mobile_robot.egg-info/entry_points.txt
writing requirements to ../../build/mobile_robot/mobile_robot.egg-info/requires.txt
writing top-level names to ../../build/mobile_robot/mobile_robot.egg-info/top_level.txt
reading manifest file '../../build/mobile_robot/mobile_robot.egg-info/SOURCES.txt'
writing manifest file '../../build/mobile_robot/mobile_robot.egg-info/SOURCES.txt'
running build
running build_py
copying mobile_robot/controller_final.py -> /home/vicky/ws_mobile4/build/mobile_robot/build/lib/mobile_robot
running install
running install_lib
creating /home/vicky/ws_mobile4/install/mobile_robot/lib/python3.12/site-packages/mobile_robot
copying /home/vicky/ws_mobile4/build/mobile_robot/build/lib/mobile_robot/controller.py -> /home/vicky/ws_mobile4/install/mobile_robot/lib/python3.12/site-packages/mobile_robot
copying /home/vicky/ws_mobile4/build/mobile_robot/build/lib/mobile_robot/controller_final.py -> /home/vicky/ws_mobile4/install/mobile_robot/lib/python3.12/site-packages/mobile_robot
copying /home/vicky/ws_mobile4/build/mobile_robot/build/lib/mobile_robot/__init__.py -> /home/vicky/ws_mobile4/install/mobile_robot/lib/python3.12/site-packages/mobile_robot
byte-compiling /home/vicky/ws_mobile4/install/mobile_robot/lib/python3.12/site-packages/mobile_robot/controller.py to controller.cpython-312.pyc
byte-compiling /home/vicky/ws_mobile4/install/mobile_robot/lib/python3.12/site-packages/mobile_robot/controller_final.py to controller_final.cpython-312.pyc
byte-compiling /home/vicky/ws_mobile4/install/mobile_robot/lib/python3.12/site-packages/mobile_robot/__init__.py to __init__.cpython-312.pyc
running install_data
copying resource/mobile_robot -> /home/vicky/ws_mobile4/install/mobile_robot/share/ament_index/resource_index/packages
copying package.xml -> /home/vicky/ws_mobile4/install/mobile_robot/share/mobile_robot
copying launch/gazebo_model.launch.py -> /home/vicky/ws_mobile4/install/mobile_robot/share/mobile_robot/launch
copying model/robot.gazebo -> /home/vicky/ws_mobile4/install/mobile_robot/share/mobile_robot/model
copying model/robot.xacro -> /home/vicky/ws_mobile4/install/mobile_robot/share/mobile_robot/model
copying parameters/bridge_parameters.yaml -> /home/vicky/ws_mobile4/install/mobile_robot/share/mobile_robot/parameters
running install_egg_info
Copying ../../build/mobile_robot/mobile_robot.egg-info to /home/vicky/ws_mobile4/install/mobile_robot/lib/python3.12/site-packages/mobile_robot-0.0.0-py3.12.egg-info
running install_scripts
Installing controller_final script to /home/vicky/ws_mobile4/install/mobile_robot/lib/mobile_robot
writing list of installed files to '/home/vicky/ws_mobile4/build/mobile_robot/install.log'
