[1.306s] Invoking command in '/home/vicky/ws_mobile3/src/mobile_robot': DEBUGINFOD_URLS=https://debuginfod.ubuntu.com PYTHONPATH=/home/vicky/ws_mobile3/build/mobile_robot/prefix_override:/usr/lib/python3/dist-packages/colcon_core/task/python/colcon_distutils_commands:/home/vicky/ws_mobile3/install/mobile_robot/lib/python3.12/site-packages:${PYTHONPATH} /usr/bin/python3 -W ignore:setup.py install is deprecated -W ignore:easy_install command is deprecated setup.py egg_info --egg-base ../../build/mobile_robot build --build-base /home/vicky/ws_mobile3/build/mobile_robot/build install --record /home/vicky/ws_mobile3/build/mobile_robot/install.log --single-version-externally-managed install_data
[1.706s] running egg_info
[1.732s] writing ../../build/mobile_robot/mobile_robot.egg-info/PKG-INFO
[1.733s] writing dependency_links to ../../build/mobile_robot/mobile_robot.egg-info/dependency_links.txt
[1.733s] writing entry points to ../../build/mobile_robot/mobile_robot.egg-info/entry_points.txt
[1.733s] writing requirements to ../../build/mobile_robot/mobile_robot.egg-info/requires.txt
[1.733s] writing top-level names to ../../build/mobile_robot/mobile_robot.egg-info/top_level.txt
[1.795s] reading manifest file '../../build/mobile_robot/mobile_robot.egg-info/SOURCES.txt'
[1.796s] writing manifest file '../../build/mobile_robot/mobile_robot.egg-info/SOURCES.txt'
[1.797s] running build
[1.797s] running build_py
[1.797s] running install
[1.807s] running install_lib
[1.836s] running install_data
[1.836s] running install_egg_info
[1.867s] removing '/home/vicky/ws_mobile3/install/mobile_robot/lib/python3.12/site-packages/mobile_robot-0.0.0-py3.12.egg-info' (and everything under it)
[1.868s] Copying ../../build/mobile_robot/mobile_robot.egg-info to /home/vicky/ws_mobile3/install/mobile_robot/lib/python3.12/site-packages/mobile_robot-0.0.0-py3.12.egg-info
[1.869s] running install_scripts
[2.092s] Installing controller_final script to /home/vicky/ws_mobile3/install/mobile_robot/lib/mobile_robot
[2.092s] writing list of installed files to '/home/vicky/ws_mobile3/build/mobile_robot/install.log'
[2.156s] Invoked command in '/home/vicky/ws_mobile3/src/mobile_robot' returned '0': DEBUGINFOD_URLS=https://debuginfod.ubuntu.com PYTHONPATH=/home/vicky/ws_mobile3/build/mobile_robot/prefix_override:/usr/lib/python3/dist-packages/colcon_core/task/python/colcon_distutils_commands:/home/vicky/ws_mobile3/install/mobile_robot/lib/python3.12/site-packages:${PYTHONPATH} /usr/bin/python3 -W ignore:setup.py install is deprecated -W ignore:easy_install command is deprecated setup.py egg_info --egg-base ../../build/mobile_robot build --build-base /home/vicky/ws_mobile3/build/mobile_robot/build install --record /home/vicky/ws_mobile3/build/mobile_robot/install.log --single-version-externally-managed install_data
